{
  "stats": {
    "suites": 1,
    "tests": 4,
    "passes": 4,
    "pending": 0,
    "failures": 0,
    "start": "2024-10-29T14:18:55.568Z",
    "end": "2024-10-29T14:19:01.338Z",
    "duration": 5770,
    "testsRegistered": 4,
    "passPercent": 100,
    "pendingPercent": 0,
    "other": 0,
    "hasOther": false,
    "skipped": 0,
    "hasSkipped": false
  },
  "results": [
    {
      "uuid": "dad2dd54-859b-4ecc-9e5b-6e284a787187",
      "title": "",
      "fullFile": "cypress/e2e/auth.cy.js",
      "file": "cypress/e2e/auth.cy.js",
      "beforeHooks": [],
      "afterHooks": [],
      "tests": [],
      "suites": [
        {
          "uuid": "8691b153-570f-4b6e-872b-9cee9c641ee6",
          "title": "Authentication Tests",
          "fullFile": "",
          "file": "",
          "beforeHooks": [],
          "afterHooks": [],
          "tests": [
            {
              "title": "should login successfully with valid credentials",
              "fullTitle": "Authentication Tests should login successfully with valid credentials",
              "timedOut": null,
              "duration": 2716,
              "state": "passed",
              "speed": "fast",
              "pass": true,
              "fail": false,
              "pending": false,
              "context": null,
              "code": "_LoginPage.default.login('standard_user', 'secret_sauce');\ncy.url().should('include', '/inventory.html');",
              "err": {},
              "uuid": "aee999da-e0e3-48ab-96f0-b9e8c8674e12",
              "parentUUID": "8691b153-570f-4b6e-872b-9cee9c641ee6",
              "isHook": false,
              "skipped": false
            },
            {
              "title": "should show error with invalid credentials",
              "fullTitle": "Authentication Tests should show error with invalid credentials",
              "timedOut": null,
              "duration": 840,
              "state": "passed",
              "speed": "fast",
              "pass": true,
              "fail": false,
              "pending": false,
              "context": null,
              "code": "_LoginPage.default.login('invalid_user', 'wrong_password');\n_LoginPage.default.getErrorMessage().should('be.visible');",
              "err": {},
              "uuid": "9d278773-94cf-4966-afcd-8cf2b8b38a4e",
              "parentUUID": "8691b153-570f-4b6e-872b-9cee9c641ee6",
              "isHook": false,
              "skipped": false
            },
            {
              "title": "should logout successfully",
              "fullTitle": "Authentication Tests should logout successfully",
              "timedOut": null,
              "duration": 1242,
              "state": "passed",
              "speed": "fast",
              "pass": true,
              "fail": false,
              "pending": false,
              "context": null,
              "code": "_LoginPage.default.login('standard_user', 'secret_sauce');\n_InventoryPage.default.logout();\ncy.url().should('eq', `${Cypress.config().baseUrl}/`);",
              "err": {},
              "uuid": "af02930a-55a2-43be-882b-db8d0a17bc99",
              "parentUUID": "8691b153-570f-4b6e-872b-9cee9c641ee6",
              "isHook": false,
              "skipped": false
            },
            {
              "title": "should block locked out user",
              "fullTitle": "Authentication Tests should block locked out user",
              "timedOut": null,
              "duration": 865,
              "state": "passed",
              "speed": "fast",
              "pass": true,
              "fail": false,
              "pending": false,
              "context": null,
              "code": "_LoginPage.default.login('locked_out_user', 'secret_sauce');\n_LoginPage.default.getErrorMessage().should('contain', 'locked out');",
              "err": {},
              "uuid": "a59e4f7f-8dd3-47a5-8efe-78bc9295a2f3",
              "parentUUID": "8691b153-570f-4b6e-872b-9cee9c641ee6",
              "isHook": false,
              "skipped": false
            }
          ],
          "suites": [],
          "passes": [
            "aee999da-e0e3-48ab-96f0-b9e8c8674e12",
            "9d278773-94cf-4966-afcd-8cf2b8b38a4e",
            "af02930a-55a2-43be-882b-db8d0a17bc99",
            "a59e4f7f-8dd3-47a5-8efe-78bc9295a2f3"
          ],
          "failures": [],
          "pending": [],
          "skipped": [],
          "duration": 5663,
          "root": false,
          "rootEmpty": false,
          "_timeout": 2000
        }
      ],
      "passes": [],
      "failures": [],
      "pending": [],
      "skipped": [],
      "duration": 0,
      "root": true,
      "rootEmpty": true,
      "_timeout": 2000
    }
  ],
  "meta": {
    "mocha": {
      "version": "7.0.1"
    },
    "mochawesome": {
      "options": {
        "quiet": false,
        "reportFilename": "mochawesome",
        "saveHtml": false,
        "saveJson": true,
        "consoleReporter": "spec",
        "useInlineDiffs": false,
        "code": true
      },
      "version": "7.1.3"
    },
    "marge": {
      "options": {
        "id": "default",
        "reportDir": "cypress/reports/mocha",
        "quite": true,
        "overwrite": false,
        "html": false,
        "json": true
      },
      "version": "6.2.0"
    }
  }
}