{
  "stats": {
    "suites": 1,
    "tests": 2,
    "passes": 1,
    "pending": 0,
    "failures": 1,
    "start": "2024-10-29T14:20:07.704Z",
    "end": "2024-10-29T14:21:09.676Z",
    "duration": 61972,
    "testsRegistered": 2,
    "passPercent": 50,
    "pendingPercent": 0,
    "other": 0,
    "hasOther": false,
    "skipped": 0,
    "hasSkipped": false
  },
  "results": [
    {
      "uuid": "3cbf66e2-bc42-431c-a3d0-b01ab2ff719d",
      "title": "",
      "fullFile": "cypress/e2e/shopping-cart.cy.js",
      "file": "cypress/e2e/shopping-cart.cy.js",
      "beforeHooks": [],
      "afterHooks": [],
      "tests": [],
      "suites": [
        {
          "uuid": "c546dfd5-5cc3-4199-aa65-d9553f65c92c",
          "title": "Shopping Cart Tests",
          "fullFile": "",
          "file": "",
          "beforeHooks": [],
          "afterHooks": [],
          "tests": [
            {
              "title": "should add items to cart",
              "fullTitle": "Shopping Cart Tests should add items to cart",
              "timedOut": null,
              "duration": 1622,
              "state": "passed",
              "speed": "fast",
              "pass": true,
              "fail": false,
              "pending": false,
              "context": null,
              "code": "_InventoryPage.default.addToCart('Sauce Labs Backpack');\n_InventoryPage.default.getCartCount().should('have.text', '1');\n_InventoryPage.default.addToCart('Sauce Labs Bike Light');\n_InventoryPage.default.getCartCount().should('have.text', '2');",
              "err": {},
              "uuid": "6c951b1f-5984-4b3d-983a-52aecd9b5203",
              "parentUUID": "c546dfd5-5cc3-4199-aa65-d9553f65c92c",
              "isHook": false,
              "skipped": false
            },
            {
              "title": "should complete checkout process",
              "fullTitle": "Shopping Cart Tests should complete checkout process",
              "timedOut": null,
              "duration": 60231,
              "state": "failed",
              "speed": null,
              "pass": false,
              "fail": true,
              "pending": false,
              "context": null,
              "code": "_InventoryPage.default.addToCart('Sauce Labs Backpack');\n_InventoryPage.default.goToCart();\n_CartPage.default.proceedToCheckout();\n_CheckoutPage.default.fillShippingInfo('John', 'Doe', '12345');\n_CheckoutPage.default.continue();\n_CheckoutPage.default.finish();\n_CheckoutPage.default.getOrderConfirmation().should('contain', 'Thank you');",
              "err": {
                "message": "CypressError: Timed out after waiting `60000ms` for your remote page to load.\n\nYour page did not fire its `load` event within `60000ms`.\n\nYou can try increasing the `pageLoadTimeout` value in `cypress.config.js` to wait longer.\n\nBrowsers will not fire the `load` event until all stylesheets and scripts are done downloading.\n\nWhen this `load` event occurs, Cypress will continue running commands.\n\nBecause this error occurred during a `before each` hook we are skipping the remaining tests in the current suite: `Shopping Cart Tests`",
                "estack": "CypressError: Timed out after waiting `60000ms` for your remote page to load.\n\nYour page did not fire its `load` event within `60000ms`.\n\nYou can try increasing the `pageLoadTimeout` value in `cypress.config.js` to wait longer.\n\nBrowsers will not fire the `load` event until all stylesheets and scripts are done downloading.\n\nWhen this `load` event occurs, Cypress will continue running commands.\n\nBecause this error occurred during a `before each` hook we are skipping the remaining tests in the current suite: `Shopping Cart Tests`\n    at timedOutWaitingForPageLoad (https://www.saucedemo.com/__cypress/runner/cypress_runner.js:130482:64)\n    at <unknown> (https://www.saucedemo.com/__cypress/runner/cypress_runner.js:131467:16)\n    at tryCatcher (https://www.saucedemo.com/__cypress/runner/cypress_runner.js:1807:23)\n    at <unknown> (https://www.saucedemo.com/__cypress/runner/cypress_runner.js:4186:41)\n    at tryCatcher (https://www.saucedemo.com/__cypress/runner/cypress_runner.js:1807:23)\n    at Promise._settlePromiseFromHandler (https://www.saucedemo.com/__cypress/runner/cypress_runner.js:1519:31)\n    at Promise._settlePromise (https://www.saucedemo.com/__cypress/runner/cypress_runner.js:1576:18)\n    at Promise._settlePromise0 (https://www.saucedemo.com/__cypress/runner/cypress_runner.js:1621:10)\n    at Promise._settlePromises (https://www.saucedemo.com/__cypress/runner/cypress_runner.js:1697:18)\n    at _drainQueueStep (https://www.saucedemo.com/__cypress/runner/cypress_runner.js:2407:12)\n    at _drainQueue (https://www.saucedemo.com/__cypress/runner/cypress_runner.js:2400:9)\n    at Async._drainQueues (https://www.saucedemo.com/__cypress/runner/cypress_runner.js:2416:5)\n    at Async.drainQueues (https://www.saucedemo.com/__cypress/runner/cypress_runner.js:2286:14)\nFrom Your Spec Code:\n    at LoginPage.visit (webpack://cypress-demo-tests/./cypress/support/pages/BasePage.js:7:7)\n    at Context.eval (webpack://cypress-demo-tests/./cypress/e2e/shopping-cart.cy.js:8:14)",
                "diff": null
              },
              "uuid": "d09283ee-c26c-4c03-a0dc-97e5eb84fb48",
              "parentUUID": "c546dfd5-5cc3-4199-aa65-d9553f65c92c",
              "isHook": false,
              "skipped": false
            }
          ],
          "suites": [],
          "passes": [
            "6c951b1f-5984-4b3d-983a-52aecd9b5203"
          ],
          "failures": [
            "d09283ee-c26c-4c03-a0dc-97e5eb84fb48"
          ],
          "pending": [],
          "skipped": [],
          "duration": 61853,
          "root": false,
          "rootEmpty": false,
          "_timeout": 2000
        }
      ],
      "passes": [],
      "failures": [],
      "pending": [],
      "skipped": [],
      "duration": 0,
      "root": true,
      "rootEmpty": true,
      "_timeout": 2000
    }
  ],
  "meta": {
    "mocha": {
      "version": "7.0.1"
    },
    "mochawesome": {
      "options": {
        "quiet": false,
        "reportFilename": "mochawesome",
        "saveHtml": false,
        "saveJson": true,
        "consoleReporter": "spec",
        "useInlineDiffs": false,
        "code": true
      },
      "version": "7.1.3"
    },
    "marge": {
      "options": {
        "id": "default",
        "reportDir": "cypress/reports/mocha",
        "quite": true,
        "overwrite": false,
        "html": false,
        "json": true
      },
      "version": "6.2.0"
    }
  }
}